  [1m[35m (15.1ms)[0m  [1m[34mSELECT sqlite_version(*)[0m
  [1m[35m (112.2ms)[0m  [1m[35mCREATE TABLE "schema_migrations" ("version" varchar NOT NULL PRIMARY KEY)[0m
  [1m[35m (76.9ms)[0m  [1m[35mCREATE TABLE "ar_internal_metadata" ("key" varchar NOT NULL PRIMARY KEY, "value" varchar, "created_at" datetime(6) NOT NULL, "updated_at" datetime(6) NOT NULL)[0m
  [1m[35m (1.2ms)[0m  [1m[34mSELECT "schema_migrations"."version" FROM "schema_migrations" ORDER BY "schema_migrations"."version" ASC[0m
Migrating to CreateItemCodes (20210503174630)
  [1m[36mTRANSACTION (0.5ms)[0m  [1m[36mbegin transaction[0m
  [1m[35m (2.0ms)[0m  [1m[35mCREATE TABLE "item_codes" ("id" integer PRIMARY KEY AUTOINCREMENT NOT NULL, "value" varchar, "created_at" datetime(6) NOT NULL, "updated_at" datetime(6) NOT NULL)[0m
  [1m[36mActiveRecord::SchemaMigration Create (3.9ms)[0m  [1m[32mINSERT INTO "schema_migrations" ("version") VALUES (?)[0m  [["version", "20210503174630"]]
  [1m[36mTRANSACTION (192.3ms)[0m  [1m[36mcommit transaction[0m
Migrating to CreateItemParameters (20210503174803)
  [1m[36mTRANSACTION (1.7ms)[0m  [1m[36mbegin transaction[0m
  [1m[35m (8.2ms)[0m  [1m[35mCREATE TABLE "item_parameters" ("id" integer PRIMARY KEY AUTOINCREMENT NOT NULL, "item_code_parameter_id" integer, "item_id" integer, "item_code_id" integer, "alias" varchar, "created_at" datetime(6) NOT NULL, "updated_at" datetime(6) NOT NULL)[0m
  [1m[36mActiveRecord::SchemaMigration Create (7.7ms)[0m  [1m[32mINSERT INTO "schema_migrations" ("version") VALUES (?)[0m  [["version", "20210503174803"]]
  [1m[36mTRANSACTION (129.6ms)[0m  [1m[36mcommit transaction[0m
Migrating to CreateItemCodeParameters (20210503174823)
  [1m[36mTRANSACTION (0.2ms)[0m  [1m[36mbegin transaction[0m
  [1m[35m (15.8ms)[0m  [1m[35mCREATE TABLE "item_code_parameters" ("id" integer PRIMARY KEY AUTOINCREMENT NOT NULL, "regex" varchar, "unique" boolean, "presence" boolean, "name" varchar, "created_at" datetime(6) NOT NULL, "updated_at" datetime(6) NOT NULL)[0m
  [1m[36mActiveRecord::SchemaMigration Create (15.6ms)[0m  [1m[32mINSERT INTO "schema_migrations" ("version") VALUES (?)[0m  [["version", "20210503174823"]]
  [1m[36mTRANSACTION (130.5ms)[0m  [1m[36mcommit transaction[0m
Migrating to CreateItems (20210503174837)
  [1m[36mTRANSACTION (0.3ms)[0m  [1m[36mbegin transaction[0m
  [1m[35m (3.8ms)[0m  [1m[35mCREATE TABLE "items" ("id" integer PRIMARY KEY AUTOINCREMENT NOT NULL, "product_id" integer, "created_at" datetime(6) NOT NULL, "updated_at" datetime(6) NOT NULL)[0m
  [1m[36mActiveRecord::SchemaMigration Create (0.6ms)[0m  [1m[32mINSERT INTO "schema_migrations" ("version") VALUES (?)[0m  [["version", "20210503174837"]]
  [1m[36mTRANSACTION (87.8ms)[0m  [1m[36mcommit transaction[0m
Migrating to CreateProducts (20210503174848)
  [1m[36mTRANSACTION (0.2ms)[0m  [1m[36mbegin transaction[0m
  [1m[35m (2.8ms)[0m  [1m[35mCREATE TABLE "products" ("id" integer PRIMARY KEY AUTOINCREMENT NOT NULL, "name" varchar, "description" varchar, "created_at" datetime(6) NOT NULL, "updated_at" datetime(6) NOT NULL)[0m
  [1m[36mActiveRecord::SchemaMigration Create (1.8ms)[0m  [1m[32mINSERT INTO "schema_migrations" ("version") VALUES (?)[0m  [["version", "20210503174848"]]
  [1m[36mTRANSACTION (757.7ms)[0m  [1m[36mcommit transaction[0m
  [1m[36mActiveRecord::InternalMetadata Load (0.4ms)[0m  [1m[34mSELECT "ar_internal_metadata".* FROM "ar_internal_metadata" WHERE "ar_internal_metadata"."key" = ? LIMIT ?[0m  [["key", "environment"], ["LIMIT", 1]]
  [1m[36mTRANSACTION (0.2ms)[0m  [1m[36mbegin transaction[0m
  [1m[36mActiveRecord::InternalMetadata Create (1.3ms)[0m  [1m[32mINSERT INTO "ar_internal_metadata" ("key", "value", "created_at", "updated_at") VALUES (?, ?, ?, ?)[0m  [["key", "environment"], ["value", "development"], ["created_at", "2021-05-03 17:54:13.103448"], ["updated_at", "2021-05-03 17:54:13.103448"]]
  [1m[36mTRANSACTION (48.6ms)[0m  [1m[36mcommit transaction[0m
  [1m[35m (0.1ms)[0m  [1m[34mSELECT sqlite_version(*)[0m
  [1m[35m (0.3ms)[0m  [1m[34mSELECT "schema_migrations"."version" FROM "schema_migrations" ORDER BY "schema_migrations"."version" ASC[0m
  [1m[35m (3.5ms)[0m  [1m[34mSELECT sqlite_version(*)[0m
  [1m[35m (0.6ms)[0m  [1m[34mSELECT "schema_migrations"."version" FROM "schema_migrations" ORDER BY "schema_migrations"."version" ASC[0m
  [1m[35m (0.5ms)[0m  [1m[34mSELECT "ar_internal_metadata"."value" FROM "ar_internal_metadata" WHERE "ar_internal_metadata"."key" = ?[0m  [["key", "environment"]]
  [1m[35m (0.3ms)[0m  [1m[34mSELECT "schema_migrations"."version" FROM "schema_migrations" ORDER BY "schema_migrations"."version" ASC[0m
  [1m[35m (0.3ms)[0m  [1m[34mSELECT "ar_internal_metadata"."value" FROM "ar_internal_metadata" WHERE "ar_internal_metadata"."key" = ?[0m  [["key", "environment"]]
  [1m[35m (1.3ms)[0m  [1m[34mSELECT "schema_migrations"."version" FROM "schema_migrations" ORDER BY "schema_migrations"."version" ASC[0m
  [1m[35m (0.3ms)[0m  [1m[34mSELECT "ar_internal_metadata"."value" FROM "ar_internal_metadata" WHERE "ar_internal_metadata"."key" = ?[0m  [["key", "environment"]]
  [1m[35m (2.3ms)[0m  [1m[34mSELECT sqlite_version(*)[0m
  [1m[35m (44.1ms)[0m  [1m[35mCREATE TABLE "schema_migrations" ("version" varchar NOT NULL PRIMARY KEY)[0m
  [1m[35m (55.0ms)[0m  [1m[35mCREATE TABLE "ar_internal_metadata" ("key" varchar NOT NULL PRIMARY KEY, "value" varchar, "created_at" datetime(6) NOT NULL, "updated_at" datetime(6) NOT NULL)[0m
  [1m[35m (0.4ms)[0m  [1m[34mSELECT "schema_migrations"."version" FROM "schema_migrations" ORDER BY "schema_migrations"."version" ASC[0m
Migrating to CreateItemParameters (20210503174803)
  [1m[36mTRANSACTION (0.2ms)[0m  [1m[36mbegin transaction[0m
  [1m[35m (1.9ms)[0m  [1m[35mCREATE TABLE "item_codes" ("id" integer PRIMARY KEY AUTOINCREMENT NOT NULL, "item_code_parameter_id" integer, "item_id" integer, "item_value" varchar, "created_at" datetime(6) NOT NULL, "updated_at" datetime(6) NOT NULL)[0m
  [1m[36mActiveRecord::SchemaMigration Create (4.4ms)[0m  [1m[32mINSERT INTO "schema_migrations" ("version") VALUES (?)[0m  [["version", "20210503174803"]]
  [1m[36mTRANSACTION (52.1ms)[0m  [1m[36mcommit transaction[0m
Migrating to CreateItemCodeParameters (20210503174823)
  [1m[36mTRANSACTION (0.3ms)[0m  [1m[36mbegin transaction[0m
  [1m[35m (1.2ms)[0m  [1m[35mCREATE TABLE "item_code_parameters" ("id" integer PRIMARY KEY AUTOINCREMENT NOT NULL, "regex" varchar, "unique" boolean, "presence" boolean, "name" varchar, "created_at" datetime(6) NOT NULL, "updated_at" datetime(6) NOT NULL)[0m
  [1m[36mActiveRecord::SchemaMigration Create (0.5ms)[0m  [1m[32mINSERT INTO "schema_migrations" ("version") VALUES (?)[0m  [["version", "20210503174823"]]
  [1m[36mTRANSACTION (52.5ms)[0m  [1m[36mcommit transaction[0m
Migrating to CreateItems (20210503174837)
  [1m[36mTRANSACTION (0.2ms)[0m  [1m[36mbegin transaction[0m
  [1m[35m (1.0ms)[0m  [1m[35mCREATE TABLE "items" ("id" integer PRIMARY KEY AUTOINCREMENT NOT NULL, "product_id" integer, "created_at" datetime(6) NOT NULL, "updated_at" datetime(6) NOT NULL)[0m
  [1m[36mActiveRecord::SchemaMigration Create (0.7ms)[0m  [1m[32mINSERT INTO "schema_migrations" ("version") VALUES (?)[0m  [["version", "20210503174837"]]
  [1m[36mTRANSACTION (41.1ms)[0m  [1m[36mcommit transaction[0m
Migrating to CreateProducts (20210503174848)
  [1m[36mTRANSACTION (0.2ms)[0m  [1m[36mbegin transaction[0m
  [1m[35m (0.7ms)[0m  [1m[35mCREATE TABLE "products" ("id" integer PRIMARY KEY AUTOINCREMENT NOT NULL, "name" varchar, "description" varchar, "created_at" datetime(6) NOT NULL, "updated_at" datetime(6) NOT NULL)[0m
  [1m[36mActiveRecord::SchemaMigration Create (8.1ms)[0m  [1m[32mINSERT INTO "schema_migrations" ("version") VALUES (?)[0m  [["version", "20210503174848"]]
  [1m[36mTRANSACTION (37.1ms)[0m  [1m[36mcommit transaction[0m
Migrating to CreateProductItemParameters (20210503181224)
  [1m[36mTRANSACTION (0.2ms)[0m  [1m[36mbegin transaction[0m
  [1m[35m (8.6ms)[0m  [1m[35mCREATE TABLE "product_item_parameters" ("id" integer PRIMARY KEY AUTOINCREMENT NOT NULL, "product_id" integer, "item_code_parameter_id" integer, "alias" varchar, "created_at" datetime(6) NOT NULL, "updated_at" datetime(6) NOT NULL)[0m
  [1m[36mActiveRecord::SchemaMigration Create (0.5ms)[0m  [1m[32mINSERT INTO "schema_migrations" ("version") VALUES (?)[0m  [["version", "20210503181224"]]
  [1m[36mTRANSACTION (69.9ms)[0m  [1m[36mcommit transaction[0m
  [1m[36mActiveRecord::InternalMetadata Load (3.5ms)[0m  [1m[34mSELECT "ar_internal_metadata".* FROM "ar_internal_metadata" WHERE "ar_internal_metadata"."key" = ? LIMIT ?[0m  [["key", "environment"], ["LIMIT", 1]]
  [1m[36mTRANSACTION (0.2ms)[0m  [1m[36mbegin transaction[0m
  [1m[36mActiveRecord::InternalMetadata Create (1.0ms)[0m  [1m[32mINSERT INTO "ar_internal_metadata" ("key", "value", "created_at", "updated_at") VALUES (?, ?, ?, ?)[0m  [["key", "environment"], ["value", "development"], ["created_at", "2021-05-03 18:13:33.935529"], ["updated_at", "2021-05-03 18:13:33.935529"]]
  [1m[36mTRANSACTION (43.4ms)[0m  [1m[36mcommit transaction[0m
  [1m[35m (0.2ms)[0m  [1m[34mSELECT sqlite_version(*)[0m
  [1m[35m (0.5ms)[0m  [1m[34mSELECT "schema_migrations"."version" FROM "schema_migrations" ORDER BY "schema_migrations"."version" ASC[0m
  [1m[35m (3.7ms)[0m  [1m[34mSELECT sqlite_version(*)[0m
  [1m[35m (5.0ms)[0m  [1m[34mSELECT sqlite_version(*)[0m
  [1m[35m (1.5ms)[0m  [1m[34mSELECT "schema_migrations"."version" FROM "schema_migrations" ORDER BY "schema_migrations"."version" ASC[0m
  [1m[35m (2.5ms)[0m  [1m[34mSELECT sqlite_version(*)[0m
  [1m[35m (0.6ms)[0m  [1m[34mSELECT "schema_migrations"."version" FROM "schema_migrations" ORDER BY "schema_migrations"."version" ASC[0m
  [1m[35m (11.6ms)[0m  [1m[34mSELECT sqlite_version(*)[0m
  [1m[35m (1.3ms)[0m  [1m[34mSELECT sqlite_version(*)[0m
  [1m[35m (1.7ms)[0m  [1m[34mSELECT "schema_migrations"."version" FROM "schema_migrations" ORDER BY "schema_migrations"."version" ASC[0m
  [1m[35m (0.8ms)[0m  [1m[34mSELECT sqlite_version(*)[0m
  [1m[35m (0.4ms)[0m  [1m[34mSELECT "schema_migrations"."version" FROM "schema_migrations" ORDER BY "schema_migrations"."version" ASC[0m
  [1m[35m (0.1ms)[0m  [1m[34mSELECT sqlite_version(*)[0m
  [1m[36mTRANSACTION (0.1ms)[0m  [1m[36mbegin transaction[0m
  [1m[36mProduct Create (6.9ms)[0m  [1m[32mINSERT INTO "products" ("name", "description", "created_at", "updated_at") VALUES (?, ?, ?, ?)[0m  [["name", "Dummy Product"], ["description", "This product should test all of its model associations"], ["created_at", "2021-05-03 19:49:48.970892"], ["updated_at", "2021-05-03 19:49:48.970892"]]
  [1m[36mTRANSACTION (34.0ms)[0m  [1m[36mcommit transaction[0m
  [1m[35m (0.6ms)[0m  [1m[34mSELECT sqlite_version(*)[0m
  [1m[35m (0.3ms)[0m  [1m[34mSELECT "schema_migrations"."version" FROM "schema_migrations" ORDER BY "schema_migrations"."version" ASC[0m
  [1m[35m (0.1ms)[0m  [1m[34mSELECT sqlite_version(*)[0m
  [1m[36mTRANSACTION (0.1ms)[0m  [1m[36mbegin transaction[0m
  [1m[36mProduct Create (5.2ms)[0m  [1m[32mINSERT INTO "products" ("name", "description", "created_at", "updated_at") VALUES (?, ?, ?, ?)[0m  [["name", "Dummy Product"], ["description", "This product should test all of its model associations"], ["created_at", "2021-05-03 19:50:17.610774"], ["updated_at", "2021-05-03 19:50:17.610774"]]
  [1m[36mTRANSACTION (31.3ms)[0m  [1m[36mcommit transaction[0m
  [1m[35m (0.9ms)[0m  [1m[34mSELECT sqlite_version(*)[0m
  [1m[35m (0.4ms)[0m  [1m[34mSELECT "schema_migrations"."version" FROM "schema_migrations" ORDER BY "schema_migrations"."version" ASC[0m
  [1m[35m (0.2ms)[0m  [1m[34mSELECT sqlite_version(*)[0m
  [1m[36mTRANSACTION (0.1ms)[0m  [1m[36mbegin transaction[0m
  [1m[36mProduct Create (1.9ms)[0m  [1m[32mINSERT INTO "products" ("name", "description", "created_at", "updated_at") VALUES (?, ?, ?, ?)[0m  [["name", "Dummy Product"], ["description", "This product should test all of its model associations"], ["created_at", "2021-05-03 19:50:36.161814"], ["updated_at", "2021-05-03 19:50:36.161814"]]
  [1m[36mTRANSACTION (29.1ms)[0m  [1m[36mcommit transaction[0m
  [1m[35m (1.2ms)[0m  [1m[34mSELECT sqlite_version(*)[0m
  [1m[35m (0.3ms)[0m  [1m[34mSELECT "schema_migrations"."version" FROM "schema_migrations" ORDER BY "schema_migrations"."version" ASC[0m
  [1m[35m (0.6ms)[0m  [1m[34mSELECT sqlite_version(*)[0m
  [1m[35m (0.3ms)[0m  [1m[34mSELECT "schema_migrations"."version" FROM "schema_migrations" ORDER BY "schema_migrations"."version" ASC[0m
  [1m[35m (0.7ms)[0m  [1m[34mSELECT sqlite_version(*)[0m
  [1m[35m (0.3ms)[0m  [1m[34mSELECT "schema_migrations"."version" FROM "schema_migrations" ORDER BY "schema_migrations"."version" ASC[0m
  [1m[35m (0.3ms)[0m  [1m[34mSELECT sqlite_version(*)[0m
  [1m[36mTRANSACTION (0.1ms)[0m  [1m[36mbegin transaction[0m
  [1m[36mProduct Create (4.1ms)[0m  [1m[32mINSERT INTO "products" ("name", "description", "created_at", "updated_at") VALUES (?, ?, ?, ?)[0m  [["name", "Dummy Product"], ["description", "This product should test all of its model associations"], ["created_at", "2021-05-03 19:52:41.853118"], ["updated_at", "2021-05-03 19:52:41.853118"]]
  [1m[36mTRANSACTION (34.2ms)[0m  [1m[36mcommit transaction[0m
  [1m[35m (0.6ms)[0m  [1m[34mSELECT sqlite_version(*)[0m
  [1m[35m (0.3ms)[0m  [1m[34mSELECT "schema_migrations"."version" FROM "schema_migrations" ORDER BY "schema_migrations"."version" ASC[0m
  [1m[35m (0.1ms)[0m  [1m[34mSELECT sqlite_version(*)[0m
  [1m[36mTRANSACTION (0.1ms)[0m  [1m[36mbegin transaction[0m
  [1m[36mProduct Create (0.7ms)[0m  [1m[32mINSERT INTO "products" ("name", "description", "created_at", "updated_at") VALUES (?, ?, ?, ?)[0m  [["name", "Dummy Product"], ["description", "This product should test all of its model associations"], ["created_at", "2021-05-03 19:53:07.147661"], ["updated_at", "2021-05-03 19:53:07.147661"]]
  [1m[36mTRANSACTION (40.6ms)[0m  [1m[36mcommit transaction[0m
  [1m[35m (1.1ms)[0m  [1m[34mSELECT sqlite_version(*)[0m
  [1m[35m (0.4ms)[0m  [1m[34mSELECT "schema_migrations"."version" FROM "schema_migrations" ORDER BY "schema_migrations"."version" ASC[0m
  [1m[35m (0.2ms)[0m  [1m[34mSELECT sqlite_version(*)[0m
  [1m[36mTRANSACTION (0.1ms)[0m  [1m[36mbegin transaction[0m
  [1m[36mProduct Create (5.3ms)[0m  [1m[32mINSERT INTO "products" ("name", "description", "created_at", "updated_at") VALUES (?, ?, ?, ?)[0m  [["name", "Dummy Product"], ["description", "This product should test all of its model associations"], ["created_at", "2021-05-03 19:53:43.156412"], ["updated_at", "2021-05-03 19:53:43.156412"]]
  [1m[36mTRANSACTION (66.0ms)[0m  [1m[36mcommit transaction[0m
  [1m[36mTRANSACTION (0.1ms)[0m  [1m[36mbegin transaction[0m
  [1m[36mItemCodeParameter Create (2.2ms)[0m  [1m[32mINSERT INTO "item_code_parameters" ("regex", "unique", "presence", "name", "created_at", "updated_at") VALUES (?, ?, ?, ?, ?, ?)[0m  [["regex", "^d{9}$"], ["unique", 1], ["presence", 1], ["name", "UDI"], ["created_at", "2021-05-03 19:53:43.359489"], ["updated_at", "2021-05-03 19:53:43.359489"]]
  [1m[36mProductItemParameter Create (0.6ms)[0m  [1m[32mINSERT INTO "product_item_parameters" ("product_id", "item_code_parameter_id", "created_at", "updated_at") VALUES (?, ?, ?, ?)[0m  [["product_id", 6], ["item_code_parameter_id", 1], ["created_at", "2021-05-03 19:53:43.393614"], ["updated_at", "2021-05-03 19:53:43.393614"]]
  [1m[36mTRANSACTION (49.6ms)[0m  [1m[36mcommit transaction[0m
  [1m[36mTRANSACTION (0.1ms)[0m  [1m[36mbegin transaction[0m
  [1m[36mItemCodeParameter Create (0.7ms)[0m  [1m[32mINSERT INTO "item_code_parameters" ("regex", "unique", "presence", "name", "created_at", "updated_at") VALUES (?, ?, ?, ?, ?, ?)[0m  [["regex", "^w{6}$"], ["unique", 1], ["presence", 1], ["name", "Device ID"], ["created_at", "2021-05-03 19:53:43.450836"], ["updated_at", "2021-05-03 19:53:43.450836"]]
  [1m[36mProductItemParameter Create (0.4ms)[0m  [1m[32mINSERT INTO "product_item_parameters" ("product_id", "item_code_parameter_id", "created_at", "updated_at") VALUES (?, ?, ?, ?)[0m  [["product_id", 6], ["item_code_parameter_id", 2], ["created_at", "2021-05-03 19:53:43.462449"], ["updated_at", "2021-05-03 19:53:43.462449"]]
  [1m[36mTRANSACTION (32.6ms)[0m  [1m[36mcommit transaction[0m
  [1m[36mProductItemParameter Load (0.5ms)[0m  [1m[34mSELECT "product_item_parameters".* FROM "product_item_parameters" WHERE "product_item_parameters"."item_code_parameter_id" = ?[0m  [["item_code_parameter_id", 1]]
  [1m[36mTRANSACTION (0.1ms)[0m  [1m[36mbegin transaction[0m
  [1m[36mItem Create (2.0ms)[0m  [1m[32mINSERT INTO "items" ("product_id", "created_at", "updated_at") VALUES (?, ?, ?)[0m  [["product_id", 6], ["created_at", "2021-05-03 19:54:21.496424"], ["updated_at", "2021-05-03 19:54:21.496424"]]
  [1m[36mTRANSACTION (19.5ms)[0m  [1m[36mcommit transaction[0m
  [1m[35m (0.7ms)[0m  [1m[34mSELECT sqlite_version(*)[0m
  [1m[35m (0.2ms)[0m  [1m[34mSELECT "schema_migrations"."version" FROM "schema_migrations" ORDER BY "schema_migrations"."version" ASC[0m
  [1m[35m (0.1ms)[0m  [1m[34mSELECT sqlite_version(*)[0m
  [1m[36mTRANSACTION (0.1ms)[0m  [1m[36mbegin transaction[0m
  [1m[36mProduct Create (5.5ms)[0m  [1m[32mINSERT INTO "products" ("name", "description", "created_at", "updated_at") VALUES (?, ?, ?, ?)[0m  [["name", "Dummy Product"], ["description", "This product should test all of its model associations"], ["created_at", "2021-05-03 19:55:40.093779"], ["updated_at", "2021-05-03 19:55:40.093779"]]
  [1m[36mTRANSACTION (47.3ms)[0m  [1m[36mcommit transaction[0m
  [1m[36mTRANSACTION (0.1ms)[0m  [1m[36mbegin transaction[0m
  [1m[36mItemCodeParameter Create (0.7ms)[0m  [1m[32mINSERT INTO "item_code_parameters" ("regex", "unique", "presence", "name", "created_at", "updated_at") VALUES (?, ?, ?, ?, ?, ?)[0m  [["regex", "^d{9}$"], ["unique", 1], ["presence", 1], ["name", "UDI"], ["created_at", "2021-05-03 19:55:40.183314"], ["updated_at", "2021-05-03 19:55:40.183314"]]
  [1m[36mProductItemParameter Create (0.5ms)[0m  [1m[32mINSERT INTO "product_item_parameters" ("product_id", "item_code_parameter_id", "created_at", "updated_at") VALUES (?, ?, ?, ?)[0m  [["product_id", 7], ["item_code_parameter_id", 3], ["created_at", "2021-05-03 19:55:40.202910"], ["updated_at", "2021-05-03 19:55:40.202910"]]
  [1m[36mTRANSACTION (38.9ms)[0m  [1m[36mcommit transaction[0m
  [1m[36mTRANSACTION (0.1ms)[0m  [1m[36mbegin transaction[0m
  [1m[36mItemCodeParameter Create (0.7ms)[0m  [1m[32mINSERT INTO "item_code_parameters" ("regex", "unique", "presence", "name", "created_at", "updated_at") VALUES (?, ?, ?, ?, ?, ?)[0m  [["regex", "^w{6}$"], ["unique", 1], ["presence", 1], ["name", "Device ID"], ["created_at", "2021-05-03 19:55:40.248944"], ["updated_at", "2021-05-03 19:55:40.248944"]]
  [1m[36mProductItemParameter Create (0.5ms)[0m  [1m[32mINSERT INTO "product_item_parameters" ("product_id", "item_code_parameter_id", "created_at", "updated_at") VALUES (?, ?, ?, ?)[0m  [["product_id", 7], ["item_code_parameter_id", 4], ["created_at", "2021-05-03 19:55:40.257469"], ["updated_at", "2021-05-03 19:55:40.257469"]]
  [1m[36mTRANSACTION (36.1ms)[0m  [1m[36mcommit transaction[0m
  [1m[36mTRANSACTION (0.2ms)[0m  [1m[36mbegin transaction[0m
  [1m[36mItem Create (1.6ms)[0m  [1m[32mINSERT INTO "items" ("product_id", "created_at", "updated_at") VALUES (?, ?, ?)[0m  [["product_id", 7], ["created_at", "2021-05-03 19:55:41.643997"], ["updated_at", "2021-05-03 19:55:41.643997"]]
  [1m[36mTRANSACTION (51.2ms)[0m  [1m[36mcommit transaction[0m
  [1m[35m (0.7ms)[0m  [1m[34mSELECT sqlite_version(*)[0m
  [1m[35m (0.3ms)[0m  [1m[34mSELECT "schema_migrations"."version" FROM "schema_migrations" ORDER BY "schema_migrations"."version" ASC[0m
  [1m[35m (0.1ms)[0m  [1m[34mSELECT sqlite_version(*)[0m
  [1m[36mTRANSACTION (0.1ms)[0m  [1m[36mbegin transaction[0m
  [1m[36mProduct Create (0.8ms)[0m  [1m[32mINSERT INTO "products" ("name", "description", "created_at", "updated_at") VALUES (?, ?, ?, ?)[0m  [["name", "Dummy Product"], ["description", "This product should test all of its model associations"], ["created_at", "2021-05-03 19:56:20.984511"], ["updated_at", "2021-05-03 19:56:20.984511"]]
  [1m[36mTRANSACTION (48.6ms)[0m  [1m[36mcommit transaction[0m
  [1m[36mTRANSACTION (0.1ms)[0m  [1m[36mbegin transaction[0m
  [1m[36mItemCodeParameter Create (6.4ms)[0m  [1m[32mINSERT INTO "item_code_parameters" ("regex", "unique", "presence", "name", "created_at", "updated_at") VALUES (?, ?, ?, ?, ?, ?)[0m  [["regex", "^d{9}$"], ["unique", 1], ["presence", 1], ["name", "UDI"], ["created_at", "2021-05-03 19:56:21.069387"], ["updated_at", "2021-05-03 19:56:21.069387"]]
  [1m[36mProductItemParameter Create (2.3ms)[0m  [1m[32mINSERT INTO "product_item_parameters" ("product_id", "item_code_parameter_id", "created_at", "updated_at") VALUES (?, ?, ?, ?)[0m  [["product_id", 8], ["item_code_parameter_id", 5], ["created_at", "2021-05-03 19:56:21.094006"], ["updated_at", "2021-05-03 19:56:21.094006"]]
  [1m[36mTRANSACTION (50.3ms)[0m  [1m[36mcommit transaction[0m
  [1m[36mTRANSACTION (0.1ms)[0m  [1m[36mbegin transaction[0m
  [1m[36mItemCodeParameter Create (1.3ms)[0m  [1m[32mINSERT INTO "item_code_parameters" ("regex", "unique", "presence", "name", "created_at", "updated_at") VALUES (?, ?, ?, ?, ?, ?)[0m  [["regex", "^w{6}$"], ["unique", 1], ["presence", 1], ["name", "Device ID"], ["created_at", "2021-05-03 19:56:21.155171"], ["updated_at", "2021-05-03 19:56:21.155171"]]
  [1m[36mProductItemParameter Create (0.5ms)[0m  [1m[32mINSERT INTO "product_item_parameters" ("product_id", "item_code_parameter_id", "created_at", "updated_at") VALUES (?, ?, ?, ?)[0m  [["product_id", 8], ["item_code_parameter_id", 6], ["created_at", "2021-05-03 19:56:21.163636"], ["updated_at", "2021-05-03 19:56:21.163636"]]
  [1m[36mTRANSACTION (44.9ms)[0m  [1m[36mcommit transaction[0m
  [1m[36mTRANSACTION (0.1ms)[0m  [1m[36mbegin transaction[0m
  [1m[36mItem Create (2.4ms)[0m  [1m[32mINSERT INTO "items" ("product_id", "created_at", "updated_at") VALUES (?, ?, ?)[0m  [["product_id", 8], ["created_at", "2021-05-03 19:56:23.796768"], ["updated_at", "2021-05-03 19:56:23.796768"]]
  [1m[36mTRANSACTION (49.5ms)[0m  [1m[36mcommit transaction[0m
  [1m[36mTRANSACTION (2.1ms)[0m  [1m[36mbegin transaction[0m
  [1m[36mItemCode Create (2.0ms)[0m  [1m[32mINSERT INTO "item_codes" ("item_code_parameter_id", "item_id", "item_value", "created_at", "updated_at") VALUES (?, ?, ?, ?, ?)[0m  [["item_code_parameter_id", 5], ["item_id", 3], ["item_value", "123456789"], ["created_at", "2021-05-03 19:56:23.900727"], ["updated_at", "2021-05-03 19:56:23.900727"]]
  [1m[36mTRANSACTION (51.0ms)[0m  [1m[36mcommit transaction[0m
  [1m[36mTRANSACTION (0.1ms)[0m  [1m[36mbegin transaction[0m
  [1m[36mItemCode Create (0.9ms)[0m  [1m[32mINSERT INTO "item_codes" ("item_code_parameter_id", "item_id", "item_value", "created_at", "updated_at") VALUES (?, ?, ?, ?, ?)[0m  [["item_code_parameter_id", 6], ["item_id", 3], ["item_value", "123456"], ["created_at", "2021-05-03 19:56:23.967805"], ["updated_at", "2021-05-03 19:56:23.967805"]]
  [1m[36mTRANSACTION (44.3ms)[0m  [1m[36mcommit transaction[0m
  [1m[36mTRANSACTION (0.1ms)[0m  [1m[36mbegin transaction[0m
  [1m[36mItem Create (0.6ms)[0m  [1m[32mINSERT INTO "items" ("product_id", "created_at", "updated_at") VALUES (?, ?, ?)[0m  [["product_id", 8], ["created_at", "2021-05-03 19:56:24.024192"], ["updated_at", "2021-05-03 19:56:24.024192"]]
  [1m[36mTRANSACTION (60.2ms)[0m  [1m[36mcommit transaction[0m
  [1m[36mTRANSACTION (0.2ms)[0m  [1m[36mbegin transaction[0m
  [1m[36mItemCode Create (1.2ms)[0m  [1m[32mINSERT INTO "item_codes" ("item_code_parameter_id", "item_id", "item_value", "created_at", "updated_at") VALUES (?, ?, ?, ?, ?)[0m  [["item_code_parameter_id", 5], ["item_id", 4], ["item_value", "234567890"], ["created_at", "2021-05-03 19:56:24.101369"], ["updated_at", "2021-05-03 19:56:24.101369"]]
  [1m[36mTRANSACTION (53.7ms)[0m  [1m[36mcommit transaction[0m
  [1m[36mTRANSACTION (0.1ms)[0m  [1m[36mbegin transaction[0m
  [1m[36mItemCode Create (2.1ms)[0m  [1m[32mINSERT INTO "item_codes" ("item_code_parameter_id", "item_id", "item_value", "created_at", "updated_at") VALUES (?, ?, ?, ?, ?)[0m  [["item_code_parameter_id", 6], ["item_id", 4], ["item_value", "234567"], ["created_at", "2021-05-03 19:56:24.173206"], ["updated_at", "2021-05-03 19:56:24.173206"]]
  [1m[36mTRANSACTION (65.6ms)[0m  [1m[36mcommit transaction[0m
  [1m[36mTRANSACTION (0.2ms)[0m  [1m[36mbegin transaction[0m
  [1m[36mItem Create (0.7ms)[0m  [1m[32mINSERT INTO "items" ("product_id", "created_at", "updated_at") VALUES (?, ?, ?)[0m  [["product_id", 8], ["created_at", "2021-05-03 19:56:24.251528"], ["updated_at", "2021-05-03 19:56:24.251528"]]
  [1m[36mTRANSACTION (50.1ms)[0m  [1m[36mcommit transaction[0m
  [1m[36mTRANSACTION (0.1ms)[0m  [1m[36mbegin transaction[0m
  [1m[36mItemCode Create (0.6ms)[0m  [1m[32mINSERT INTO "item_codes" ("item_code_parameter_id", "item_id", "item_value", "created_at", "updated_at") VALUES (?, ?, ?, ?, ?)[0m  [["item_code_parameter_id", 5], ["item_id", 5], ["item_value", "345678901"], ["created_at", "2021-05-03 19:56:24.315624"], ["updated_at", "2021-05-03 19:56:24.315624"]]
  [1m[36mTRANSACTION (47.6ms)[0m  [1m[36mcommit transaction[0m
  [1m[36mTRANSACTION (0.1ms)[0m  [1m[36mbegin transaction[0m
  [1m[36mItemCode Create (0.7ms)[0m  [1m[32mINSERT INTO "item_codes" ("item_code_parameter_id", "item_id", "item_value", "created_at", "updated_at") VALUES (?, ?, ?, ?, ?)[0m  [["item_code_parameter_id", 6], ["item_id", 5], ["item_value", "345678"], ["created_at", "2021-05-03 19:56:24.373303"], ["updated_at", "2021-05-03 19:56:24.373303"]]
  [1m[36mTRANSACTION (45.5ms)[0m  [1m[36mcommit transaction[0m
  [1m[35m (2.8ms)[0m  [1m[34mSELECT sqlite_version(*)[0m
  [1m[36mProduct Load (0.6ms)[0m  [1m[34mSELECT "products".* FROM "products" /* loading for inspect */ LIMIT ?[0m  [["LIMIT", 11]]
  [1m[36mProduct Load (0.5ms)[0m  [1m[34mSELECT "products".* FROM "products"[0m
  [1m[36mTRANSACTION (0.3ms)[0m  [1m[36mbegin transaction[0m
  [1m[36mItem Load (0.3ms)[0m  [1m[34mSELECT "items".* FROM "items" WHERE "items"."product_id" = ?[0m  [["product_id", 1]]
  [1m[36mProduct Destroy (2.9ms)[0m  [1m[31mDELETE FROM "products" WHERE "products"."id" = ?[0m  [["id", 1]]
  [1m[36mTRANSACTION (57.0ms)[0m  [1m[36mcommit transaction[0m
  [1m[36mTRANSACTION (0.3ms)[0m  [1m[36mbegin transaction[0m
  [1m[36mItem Load (0.4ms)[0m  [1m[34mSELECT "items".* FROM "items" WHERE "items"."product_id" = ?[0m  [["product_id", 2]]
  [1m[36mProduct Destroy (7.5ms)[0m  [1m[31mDELETE FROM "products" WHERE "products"."id" = ?[0m  [["id", 2]]
  [1m[36mTRANSACTION (53.9ms)[0m  [1m[36mcommit transaction[0m
  [1m[36mTRANSACTION (0.2ms)[0m  [1m[36mbegin transaction[0m
  [1m[36mItem Load (0.3ms)[0m  [1m[34mSELECT "items".* FROM "items" WHERE "items"."product_id" = ?[0m  [["product_id", 3]]
  [1m[36mProduct Destroy (0.7ms)[0m  [1m[31mDELETE FROM "products" WHERE "products"."id" = ?[0m  [["id", 3]]
  [1m[36mTRANSACTION (135.3ms)[0m  [1m[36mcommit transaction[0m
  [1m[36mTRANSACTION (0.2ms)[0m  [1m[36mbegin transaction[0m
  [1m[36mItem Load (0.7ms)[0m  [1m[34mSELECT "items".* FROM "items" WHERE "items"."product_id" = ?[0m  [["product_id", 4]]
  [1m[36mProduct Destroy (4.8ms)[0m  [1m[31mDELETE FROM "products" WHERE "products"."id" = ?[0m  [["id", 4]]
  [1m[36mTRANSACTION (47.4ms)[0m  [1m[36mcommit transaction[0m
  [1m[36mTRANSACTION (0.2ms)[0m  [1m[36mbegin transaction[0m
  [1m[36mItem Load (0.7ms)[0m  [1m[34mSELECT "items".* FROM "items" WHERE "items"."product_id" = ?[0m  [["product_id", 5]]
  [1m[36mProduct Destroy (1.7ms)[0m  [1m[31mDELETE FROM "products" WHERE "products"."id" = ?[0m  [["id", 5]]
  [1m[36mTRANSACTION (52.3ms)[0m  [1m[36mcommit transaction[0m
  [1m[36mTRANSACTION (0.2ms)[0m  [1m[36mbegin transaction[0m
  [1m[36mItem Load (0.6ms)[0m  [1m[34mSELECT "items".* FROM "items" WHERE "items"."product_id" = ?[0m  [["product_id", 6]]
  [1m[36mItem Destroy (2.8ms)[0m  [1m[31mDELETE FROM "items" WHERE "items"."id" = ?[0m  [["id", 1]]
  [1m[36mProduct Destroy (3.4ms)[0m  [1m[31mDELETE FROM "products" WHERE "products"."id" = ?[0m  [["id", 6]]
  [1m[36mTRANSACTION (56.3ms)[0m  [1m[36mcommit transaction[0m
  [1m[36mTRANSACTION (0.3ms)[0m  [1m[36mbegin transaction[0m
  [1m[36mItem Load (0.6ms)[0m  [1m[34mSELECT "items".* FROM "items" WHERE "items"."product_id" = ?[0m  [["product_id", 7]]
  [1m[36mItem Destroy (0.6ms)[0m  [1m[31mDELETE FROM "items" WHERE "items"."id" = ?[0m  [["id", 2]]
  [1m[36mProduct Destroy (2.8ms)[0m  [1m[31mDELETE FROM "products" WHERE "products"."id" = ?[0m  [["id", 7]]
  [1m[36mTRANSACTION (60.5ms)[0m  [1m[36mcommit transaction[0m
  [1m[36mTRANSACTION (0.3ms)[0m  [1m[36mbegin transaction[0m
  [1m[36mItem Load (0.9ms)[0m  [1m[34mSELECT "items".* FROM "items" WHERE "items"."product_id" = ?[0m  [["product_id", 8]]
  [1m[36mItem Destroy (1.6ms)[0m  [1m[31mDELETE FROM "items" WHERE "items"."id" = ?[0m  [["id", 3]]
  [1m[36mItem Destroy (0.4ms)[0m  [1m[31mDELETE FROM "items" WHERE "items"."id" = ?[0m  [["id", 4]]
  [1m[36mItem Destroy (0.4ms)[0m  [1m[31mDELETE FROM "items" WHERE "items"."id" = ?[0m  [["id", 5]]
  [1m[36mProduct Destroy (0.8ms)[0m  [1m[31mDELETE FROM "products" WHERE "products"."id" = ?[0m  [["id", 8]]
  [1m[36mTRANSACTION (139.8ms)[0m  [1m[36mcommit transaction[0m
  [1m[35m (0.7ms)[0m  [1m[34mSELECT sqlite_version(*)[0m
  [1m[35m (0.8ms)[0m  [1m[34mSELECT "schema_migrations"."version" FROM "schema_migrations" ORDER BY "schema_migrations"."version" ASC[0m
  [1m[35m (0.1ms)[0m  [1m[34mSELECT sqlite_version(*)[0m
  [1m[36mTRANSACTION (0.1ms)[0m  [1m[36mbegin transaction[0m
  [1m[36mProduct Create (1.9ms)[0m  [1m[32mINSERT INTO "products" ("name", "description", "created_at", "updated_at") VALUES (?, ?, ?, ?)[0m  [["name", "Dummy Product"], ["description", "This product should test all of its model associations"], ["created_at", "2021-05-03 19:58:35.644085"], ["updated_at", "2021-05-03 19:58:35.644085"]]
  [1m[36mTRANSACTION (30.1ms)[0m  [1m[36mcommit transaction[0m
  [1m[36mItemCodeParameter Load (0.7ms)[0m  [1m[34mSELECT "item_code_parameters".* FROM "item_code_parameters" INNER JOIN "product_item_parameters" ON "item_code_parameters"."id" = "product_item_parameters"."item_code_parameter_id" WHERE "product_item_parameters"."product_id" = ? AND "item_code_parameters"."regex" = ? AND "item_code_parameters"."unique" = ? AND "item_code_parameters"."presence" = ? AND "item_code_parameters"."name" = ? LIMIT ?[0m  [["product_id", 9], ["regex", "^d{9}$"], ["unique", 1], ["presence", 1], ["name", "UDI"], ["LIMIT", 1]]
  [1m[36mTRANSACTION (0.1ms)[0m  [1m[36mbegin transaction[0m
  [1m[36mItemCodeParameter Create (1.4ms)[0m  [1m[32mINSERT INTO "item_code_parameters" ("regex", "unique", "presence", "name", "created_at", "updated_at") VALUES (?, ?, ?, ?, ?, ?)[0m  [["regex", "^d{9}$"], ["unique", 1], ["presence", 1], ["name", "UDI"], ["created_at", "2021-05-03 19:58:35.736713"], ["updated_at", "2021-05-03 19:58:35.736713"]]
  [1m[36mProductItemParameter Create (0.5ms)[0m  [1m[32mINSERT INTO "product_item_parameters" ("product_id", "item_code_parameter_id", "created_at", "updated_at") VALUES (?, ?, ?, ?)[0m  [["product_id", 9], ["item_code_parameter_id", 7], ["created_at", "2021-05-03 19:58:35.755391"], ["updated_at", "2021-05-03 19:58:35.755391"]]
  [1m[36mTRANSACTION (33.5ms)[0m  [1m[36mcommit transaction[0m
  [1m[36mItemCodeParameter Load (0.4ms)[0m  [1m[34mSELECT "item_code_parameters".* FROM "item_code_parameters" INNER JOIN "product_item_parameters" ON "item_code_parameters"."id" = "product_item_parameters"."item_code_parameter_id" WHERE "product_item_parameters"."product_id" = ? /* loading for inspect */ LIMIT ?[0m  [["product_id", 9], ["LIMIT", 11]]
  [1m[35m (0.6ms)[0m  [1m[34mSELECT sqlite_version(*)[0m
  [1m[35m (0.3ms)[0m  [1m[34mSELECT "schema_migrations"."version" FROM "schema_migrations" ORDER BY "schema_migrations"."version" ASC[0m
  [1m[35m (0.1ms)[0m  [1m[34mSELECT sqlite_version(*)[0m
  [1m[36mTRANSACTION (0.1ms)[0m  [1m[36mbegin transaction[0m
  [1m[36mProduct Create (0.7ms)[0m  [1m[32mINSERT INTO "products" ("name", "description", "created_at", "updated_at") VALUES (?, ?, ?, ?)[0m  [["name", "Dummy Product"], ["description", "This product should test all of its model associations"], ["created_at", "2021-05-03 19:58:57.470032"], ["updated_at", "2021-05-03 19:58:57.470032"]]
  [1m[36mTRANSACTION (41.9ms)[0m  [1m[36mcommit transaction[0m
  [1m[36mItemCodeParameter Load (0.4ms)[0m  [1m[34mSELECT "item_code_parameters".* FROM "item_code_parameters" INNER JOIN "product_item_parameters" ON "item_code_parameters"."id" = "product_item_parameters"."item_code_parameter_id" WHERE "product_item_parameters"."product_id" = ? AND "item_code_parameters"."regex" = ? AND "item_code_parameters"."unique" = ? AND "item_code_parameters"."presence" = ? AND "item_code_parameters"."name" = ? LIMIT ?[0m  [["product_id", 10], ["regex", "^d{9}$"], ["unique", 1], ["presence", 1], ["name", "UDI"], ["LIMIT", 1]]
  [1m[36mTRANSACTION (0.1ms)[0m  [1m[36mbegin transaction[0m
  [1m[36mItemCodeParameter Create (0.9ms)[0m  [1m[32mINSERT INTO "item_code_parameters" ("regex", "unique", "presence", "name", "created_at", "updated_at") VALUES (?, ?, ?, ?, ?, ?)[0m  [["regex", "^d{9}$"], ["unique", 1], ["presence", 1], ["name", "UDI"], ["created_at", "2021-05-03 19:58:57.556570"], ["updated_at", "2021-05-03 19:58:57.556570"]]
  [1m[36mProductItemParameter Create (2.3ms)[0m  [1m[32mINSERT INTO "product_item_parameters" ("product_id", "item_code_parameter_id", "created_at", "updated_at") VALUES (?, ?, ?, ?)[0m  [["product_id", 10], ["item_code_parameter_id", 8], ["created_at", "2021-05-03 19:58:57.581072"], ["updated_at", "2021-05-03 19:58:57.581072"]]
  [1m[36mTRANSACTION (28.1ms)[0m  [1m[36mcommit transaction[0m
  [1m[36mItemCodeParameter Load (0.4ms)[0m  [1m[34mSELECT "item_code_parameters".* FROM "item_code_parameters" INNER JOIN "product_item_parameters" ON "item_code_parameters"."id" = "product_item_parameters"."item_code_parameter_id" WHERE "product_item_parameters"."product_id" = ? AND "item_code_parameters"."regex" = ? AND "item_code_parameters"."unique" = ? AND "item_code_parameters"."presence" = ? AND "item_code_parameters"."name" = ? LIMIT ?[0m  [["product_id", 10], ["regex", "^w{6}$"], ["unique", 1], ["presence", 1], ["name", "Device ID"], ["LIMIT", 1]]
  [1m[36mTRANSACTION (0.1ms)[0m  [1m[36mbegin transaction[0m
  [1m[36mItemCodeParameter Create (0.7ms)[0m  [1m[32mINSERT INTO "item_code_parameters" ("regex", "unique", "presence", "name", "created_at", "updated_at") VALUES (?, ?, ?, ?, ?, ?)[0m  [["regex", "^w{6}$"], ["unique", 1], ["presence", 1], ["name", "Device ID"], ["created_at", "2021-05-03 19:58:57.627436"], ["updated_at", "2021-05-03 19:58:57.627436"]]
  [1m[36mProductItemParameter Create (0.4ms)[0m  [1m[32mINSERT INTO "product_item_parameters" ("product_id", "item_code_parameter_id", "created_at", "updated_at") VALUES (?, ?, ?, ?)[0m  [["product_id", 10], ["item_code_parameter_id", 9], ["created_at", "2021-05-03 19:58:57.636979"], ["updated_at", "2021-05-03 19:58:57.636979"]]
  [1m[36mTRANSACTION (42.9ms)[0m  [1m[36mcommit transaction[0m
  [1m[36mTRANSACTION (0.2ms)[0m  [1m[36mbegin transaction[0m
  [1m[36mItem Create (0.7ms)[0m  [1m[32mINSERT INTO "items" ("product_id", "created_at", "updated_at") VALUES (?, ?, ?)[0m  [["product_id", 10], ["created_at", "2021-05-03 19:58:57.707542"], ["updated_at", "2021-05-03 19:58:57.707542"]]
  [1m[36mTRANSACTION (48.6ms)[0m  [1m[36mcommit transaction[0m
  [1m[36mItemCode Load (0.5ms)[0m  [1m[34mSELECT "item_codes".* FROM "item_codes" WHERE "item_codes"."item_id" = ? AND "item_codes"."item_code_parameter_id" = ? AND "item_codes"."item_value" = ? LIMIT ?[0m  [["item_id", 6], ["item_code_parameter_id", 8], ["item_value", "123456789"], ["LIMIT", 1]]
  [1m[36mTRANSACTION (0.1ms)[0m  [1m[36mbegin transaction[0m
  [1m[36mItemCode Create (0.6ms)[0m  [1m[32mINSERT INTO "item_codes" ("item_code_parameter_id", "item_id", "item_value", "created_at", "updated_at") VALUES (?, ?, ?, ?, ?)[0m  [["item_code_parameter_id", 8], ["item_id", 6], ["item_value", "123456789"], ["created_at", "2021-05-03 19:58:57.798496"], ["updated_at", "2021-05-03 19:58:57.798496"]]
  [1m[36mTRANSACTION (27.7ms)[0m  [1m[36mcommit transaction[0m
  [1m[36mItemCode Load (0.3ms)[0m  [1m[34mSELECT "item_codes".* FROM "item_codes" WHERE "item_codes"."item_id" = ? AND "item_codes"."item_code_parameter_id" = ? AND "item_codes"."item_value" = ? LIMIT ?[0m  [["item_id", 6], ["item_code_parameter_id", 9], ["item_value", "123456"], ["LIMIT", 1]]
  [1m[36mTRANSACTION (0.1ms)[0m  [1m[36mbegin transaction[0m
  [1m[36mItemCode Create (1.0ms)[0m  [1m[32mINSERT INTO "item_codes" ("item_code_parameter_id", "item_id", "item_value", "created_at", "updated_at") VALUES (?, ?, ?, ?, ?)[0m  [["item_code_parameter_id", 9], ["item_id", 6], ["item_value", "123456"], ["created_at", "2021-05-03 19:58:57.841360"], ["updated_at", "2021-05-03 19:58:57.841360"]]
  [1m[36mTRANSACTION (90.9ms)[0m  [1m[36mcommit transaction[0m
  [1m[36mTRANSACTION (0.1ms)[0m  [1m[36mbegin transaction[0m
  [1m[36mItem Create (0.8ms)[0m  [1m[32mINSERT INTO "items" ("product_id", "created_at", "updated_at") VALUES (?, ?, ?)[0m  [["product_id", 10], ["created_at", "2021-05-03 19:58:57.972311"], ["updated_at", "2021-05-03 19:58:57.972311"]]
  [1m[36mTRANSACTION (30.0ms)[0m  [1m[36mcommit transaction[0m
  [1m[36mItemCode Load (0.3ms)[0m  [1m[34mSELECT "item_codes".* FROM "item_codes" WHERE "item_codes"."item_id" = ? AND "item_codes"."item_code_parameter_id" = ? AND "item_codes"."item_value" = ? LIMIT ?[0m  [["item_id", 7], ["item_code_parameter_id", 8], ["item_value", "234567890"], ["LIMIT", 1]]
  [1m[36mTRANSACTION (0.1ms)[0m  [1m[36mbegin transaction[0m
  [1m[36mItemCode Create (2.0ms)[0m  [1m[32mINSERT INTO "item_codes" ("item_code_parameter_id", "item_id", "item_value", "created_at", "updated_at") VALUES (?, ?, ?, ?, ?)[0m  [["item_code_parameter_id", 8], ["item_id", 7], ["item_value", "234567890"], ["created_at", "2021-05-03 19:58:58.020163"], ["updated_at", "2021-05-03 19:58:58.020163"]]
  [1m[36mTRANSACTION (43.0ms)[0m  [1m[36mcommit transaction[0m
  [1m[36mItemCode Load (0.3ms)[0m  [1m[34mSELECT "item_codes".* FROM "item_codes" WHERE "item_codes"."item_id" = ? AND "item_codes"."item_code_parameter_id" = ? AND "item_codes"."item_value" = ? LIMIT ?[0m  [["item_id", 7], ["item_code_parameter_id", 9], ["item_value", "234567"], ["LIMIT", 1]]
  [1m[36mTRANSACTION (0.1ms)[0m  [1m[36mbegin transaction[0m
  [1m[36mItemCode Create (1.0ms)[0m  [1m[32mINSERT INTO "item_codes" ("item_code_parameter_id", "item_id", "item_value", "created_at", "updated_at") VALUES (?, ?, ?, ?, ?)[0m  [["item_code_parameter_id", 9], ["item_id", 7], ["item_value", "234567"], ["created_at", "2021-05-03 19:58:58.079456"], ["updated_at", "2021-05-03 19:58:58.079456"]]
  [1m[36mTRANSACTION (36.2ms)[0m  [1m[36mcommit transaction[0m
  [1m[36mTRANSACTION (0.1ms)[0m  [1m[36mbegin transaction[0m
  [1m[36mItem Create (1.4ms)[0m  [1m[32mINSERT INTO "items" ("product_id", "created_at", "updated_at") VALUES (?, ?, ?)[0m  [["product_id", 10], ["created_at", "2021-05-03 19:58:58.129424"], ["updated_at", "2021-05-03 19:58:58.129424"]]
  [1m[36mTRANSACTION (34.2ms)[0m  [1m[36mcommit transaction[0m
  [1m[36mItemCode Load (0.3ms)[0m  [1m[34mSELECT "item_codes".* FROM "item_codes" WHERE "item_codes"."item_id" = ? AND "item_codes"."item_code_parameter_id" = ? AND "item_codes"."item_value" = ? LIMIT ?[0m  [["item_id", 8], ["item_code_parameter_id", 8], ["item_value", "345678901"], ["LIMIT", 1]]
  [1m[36mTRANSACTION (0.2ms)[0m  [1m[36mbegin transaction[0m
  [1m[36mItemCode Create (2.5ms)[0m  [1m[32mINSERT INTO "item_codes" ("item_code_parameter_id", "item_id", "item_value", "created_at", "updated_at") VALUES (?, ?, ?, ?, ?)[0m  [["item_code_parameter_id", 8], ["item_id", 8], ["item_value", "345678901"], ["created_at", "2021-05-03 19:58:58.183098"], ["updated_at", "2021-05-03 19:58:58.183098"]]
  [1m[36mTRANSACTION (40.8ms)[0m  [1m[36mcommit transaction[0m
  [1m[36mItemCode Load (0.3ms)[0m  [1m[34mSELECT "item_codes".* FROM "item_codes" WHERE "item_codes"."item_id" = ? AND "item_codes"."item_code_parameter_id" = ? AND "item_codes"."item_value" = ? LIMIT ?[0m  [["item_id", 8], ["item_code_parameter_id", 9], ["item_value", "345678"], ["LIMIT", 1]]
  [1m[36mTRANSACTION (0.1ms)[0m  [1m[36mbegin transaction[0m
  [1m[36mItemCode Create (3.8ms)[0m  [1m[32mINSERT INTO "item_codes" ("item_code_parameter_id", "item_id", "item_value", "created_at", "updated_at") VALUES (?, ?, ?, ?, ?)[0m  [["item_code_parameter_id", 9], ["item_id", 8], ["item_value", "345678"], ["created_at", "2021-05-03 19:58:58.246971"], ["updated_at", "2021-05-03 19:58:58.246971"]]
  [1m[36mTRANSACTION (37.1ms)[0m  [1m[36mcommit transaction[0m
  [1m[35m (9.9ms)[0m  [1m[34mSELECT sqlite_version(*)[0m
  [1m[36mItemCode Load (1.3ms)[0m  [1m[34mSELECT "item_codes".* FROM "item_codes" ORDER BY "item_codes"."id" DESC LIMIT ?[0m  [["LIMIT", 1]]
  [1m[36mItemCodeParameter Load (0.5ms)[0m  [1m[34mSELECT "item_code_parameters".* FROM "item_code_parameters" WHERE "item_code_parameters"."id" = ? LIMIT ?[0m  [["id", 9], ["LIMIT", 1]]
  [1m[36mProduct Load (1.0ms)[0m  [1m[34mSELECT "products".* FROM "products" INNER JOIN "product_item_parameters" ON "products"."id" = "product_item_parameters"."product_id" WHERE "product_item_parameters"."item_code_parameter_id" = ? /* loading for inspect */ LIMIT ?[0m  [["item_code_parameter_id", 9], ["LIMIT", 11]]
  [1m[36mItem Load (1.0ms)[0m  [1m[34mSELECT "items".* FROM "items" WHERE "items"."id" = ? LIMIT ?[0m  [["id", 8], ["LIMIT", 1]]
  [1m[36mProduct Load (0.4ms)[0m  [1m[34mSELECT "products".* FROM "products" WHERE "products"."id" = ? LIMIT ?[0m  [["id", 10], ["LIMIT", 1]]
  [1m[36mProduct Exists? (2.6ms)[0m  [1m[34mSELECT 1 AS one FROM "products" INNER JOIN "product_item_parameters" ON "products"."id" = "product_item_parameters"."product_id" WHERE "product_item_parameters"."item_code_parameter_id" = ? AND "products"."id" = ? LIMIT ?[0m  [["item_code_parameter_id", 9], ["id", 10], ["LIMIT", 1]]
